<?xml version="1.0" encoding="UTF-8"?>
<!-- Generated by org.testng.reporters.JUnitXMLReporter -->
<testsuite ignored="4" hostname="John" failures="0" tests="1" name="Default test" time="3.554" errors="0" timestamp="2023-11-07T21:41:05 EST">
  <testcase classname="pagesTest.HomePageTest" name="clickLogoTest" time="0.537"/>
  <testcase classname="pagesTest.HomePageTest" name="clickLoginButtonTest" time="0.0">
    <ignored/>
  </testcase> <!-- clickLoginButtonTest -->
  <testcase classname="pagesTest.HomePageTest" name="clickUserIdTest" time="0.0">
    <ignored/>
  </testcase> <!-- clickUserIdTest -->
  <testcase classname="pagesTest.HomePageTest" name="clickPassword" time="0.0">
    <ignored/>
  </testcase> <!-- clickPassword -->
  <testcase classname="pagesTest.HomePageTest" name="clickNewUserRegistrationTest" time="0.0">
    <ignored/>
  </testcase> <!-- clickNewUserRegistrationTest -->
</testsuite> <!-- Default test -->
