<?xml version="1.0" encoding="UTF-8"?>
<testng-results ignored="0" total="1" passed="1" failed="0" skipped="0">
  <reporter-output>
  </reporter-output>
  <suite started-at="2023-11-07T21:41:01 EST" name="Default suite" finished-at="2023-11-07T21:41:05 EST" duration-ms="3554">
    <groups>
    </groups>
    <test started-at="2023-11-07T21:41:01 EST" name="Default test" finished-at="2023-11-07T21:41:05 EST" duration-ms="3554">
      <class name="pagesTest.HomePageTest">
        <test-method is-config="true" signature="setUP()[pri:0, instance:pagesTest.HomePageTest@6069db50]" started-at="2023-11-07T21:41:01 EST" name="setUP" finished-at="2023-11-07T21:41:04 EST" duration-ms="2962" status="PASS">
          <reporter-output>
          </reporter-output>
        </test-method> <!-- setUP -->
        <test-method signature="clickLogoTest()[pri:0, instance:pagesTest.HomePageTest@6069db50]" started-at="2023-11-07T21:41:04 EST" name="clickLogoTest" finished-at="2023-11-07T21:41:05 EST" duration-ms="537" status="PASS">
          <reporter-output>
          </reporter-output>
        </test-method> <!-- clickLogoTest -->
        <test-method is-config="true" signature="tearUp()[pri:0, instance:pagesTest.HomePageTest@6069db50]" started-at="2023-11-07T21:41:05 EST" name="tearUp" finished-at="2023-11-07T21:41:05 EST" duration-ms="39" status="PASS">
          <reporter-output>
          </reporter-output>
        </test-method> <!-- tearUp -->
      </class> <!-- pagesTest.HomePageTest -->
    </test> <!-- Default test -->
  </suite> <!-- Default suite -->
</testng-results>
